17:40:40 **** Incremental Build of configuration Debug for project TDD using googletest ****
make all 
Building file: ../test/mathtest.cpp
Invoking: GCC C++ Compiler
g++ -Ipthread -I"/Users/raswantkoushikpeesapati/high_performance_app/TDD using googletest/googletesting" -I"/Users/raswantkoushikpeesapati/high_performance_app/TDD using googletest/src" -O0 -g3 -Wall -c -fmessage-length=0 -MMD -MP -MF"test/mathtest.d" -MT"test/mathtest.o" -o "test/mathtest.o" "../test/mathtest.cpp"
Finished building: ../test/mathtest.cpp
 
Building file: ../src/Maths.cpp
Invoking: GCC C++ Compiler
g++ -O0 -g3 -Wall -c -fmessage-length=0 -MMD -MP -MF"src/Maths.d" -MT"src/Maths.o" -o "src/Maths.o" "../src/Maths.cpp"
Finished building: ../src/Maths.cpp
 
Building file: ../googletesting/gtest/gtest-all.cc
Invoking: GCC C++ Compiler
g++ -Ipthread -I"/Users/raswantkoushikpeesapati/high_performance_app/TDD using googletest/googletesting" -O0 -g3 -Wall -c -fmessage-length=0 -MMD -MP -MF"googletesting/gtest/gtest-all.d" -MT"googletesting/gtest/gtest-all.o" -o "googletesting/gtest/gtest-all.o" "../googletesting/gtest/gtest-all.cc"
Finished building: ../googletesting/gtest/gtest-all.cc
 
Building target: TDD using googletest
Invoking: MacOS X C++ Linker
g++ -std=c++17  -o "TDD using googletest"  ./test/mathtest.o  ./src/Maths.o  ./googletesting/gtest/gtest-all.o   -lpthread
Finished building target: TDD using googletest
 
17:40:45 **** Incremental Build of configuration Debug for project TDD using googletest ****
make all 
make: Nothing to be done for `all'.
